<?xml version="1.0" encoding="UTF-8" ?>
<testsuite failures="0" time="0.139" errors="0" skipped="0" tests="11" name="com.intel.bluetooth.obex.HeaderTest">
  <properties>
    <property name="java.runtime.name" value="Java(TM) SE Runtime Environment"/>
    <property name="sun.boot.library.path" value="/Library/Java/JavaVirtualMachines/1.7.0.jdk/Contents/Home/jre/lib"/>
    <property name="java.vm.version" value="23.0-b21"/>
    <property name="gopherProxySet" value="false"/>
    <property name="java.vm.vendor" value="Oracle Corporation"/>
    <property name="java.vendor.url" value="http://java.oracle.com/"/>
    <property name="path.separator" value=":"/>
    <property name="java.vm.name" value="Java HotSpot(TM) 64-Bit Server VM"/>
    <property name="file.encoding.pkg" value="sun.io"/>
    <property name="user.country" value="DE"/>
    <property name="sun.java.launcher" value="SUN_STANDARD"/>
    <property name="sun.os.patch.level" value="unknown"/>
    <property name="java.vm.specification.name" value="Java Virtual Machine Specification"/>
    <property name="user.dir" value="/Users/kuehn/Downloads/bluecove-2.1.0"/>
    <property name="java.runtime.version" value="1.7.0_04-b21"/>
    <property name="java.awt.graphicsenv" value="sun.awt.CGraphicsEnvironment"/>
    <property name="basedir" value="/Users/kuehn/Downloads/bluecove-2.1.0"/>
    <property name="java.endorsed.dirs" value="/Library/Java/JavaVirtualMachines/1.7.0.jdk/Contents/Home/jre/lib/endorsed"/>
    <property name="os.arch" value="x86_64"/>
    <property name="java.io.tmpdir" value="/var/folders/nl/gtp2y70s5wj3hr59w7j09zlrpdz_rb/T/"/>
    <property name="line.separator" value="
"/>
    <property name="java.vm.specification.vendor" value="Oracle Corporation"/>
    <property name="os.name" value="Mac OS X"/>
    <property name="sun.jnu.encoding" value="UTF-8"/>
    <property name="java.library.path" value="/Users/kuehn/Library/Java/Extensions:/Library/Java/Extensions:/Network/Library/Java/Extensions:/System/Library/Java/Extensions:/usr/lib/java:."/>
    <property name="surefire.test.class.path" value="/Users/kuehn/Downloads/bluecove-2.1.0/target/test-classes:/Users/kuehn/Downloads/bluecove-2.1.0/target/classes:/Users/kuehn/.m2/repository/log4j/log4j/1.2.14/log4j-1.2.14.jar:/Users/kuehn/.m2/repository/junit/junit/3.8.1/junit-3.8.1.jar:/Users/kuehn/.m2/repository/net/sf/jour/jour-instrument/2.0.3/jour-instrument-2.0.3.jar:/Users/kuehn/.m2/repository/javassist/javassist/3.8.0.GA/javassist-3.8.0.GA.jar:"/>
    <property name="java.specification.name" value="Java Platform API Specification"/>
    <property name="java.class.version" value="51.0"/>
    <property name="sun.management.compiler" value="HotSpot 64-Bit Tiered Compilers"/>
    <property name="os.version" value="10.8.2"/>
    <property name="http.nonProxyHosts" value="local|*.local|169.254/16|*.169.254/16|192.168/16|*.192.168/16"/>
    <property name="user.home" value="/Users/kuehn"/>
    <property name="user.timezone" value="Europe/Berlin"/>
    <property name="java.awt.printerjob" value="sun.lwawt.macosx.CPrinterJob"/>
    <property name="java.specification.version" value="1.7"/>
    <property name="file.encoding" value="UTF-8"/>
    <property name="user.name" value="kuehn"/>
    <property name="java.class.path" value="/Users/kuehn/Downloads/bluecove-2.1.0/target/surefire/surefirebooter5844992823685992919.jar"/>
    <property name="java.vm.specification.version" value="1.7"/>
    <property name="sun.arch.data.model" value="64"/>
    <property name="java.home" value="/Library/Java/JavaVirtualMachines/1.7.0.jdk/Contents/Home/jre"/>
    <property name="sun.java.command" value="/Users/kuehn/Downloads/bluecove-2.1.0/target/surefire/surefirebooter5844992823685992919.jar /Users/kuehn/Downloads/bluecove-2.1.0/target/surefire/surefire2905359647352737352tmp /Users/kuehn/Downloads/bluecove-2.1.0/target/surefire/surefire6169136888397893837tmp"/>
    <property name="java.specification.vendor" value="Oracle Corporation"/>
    <property name="user.language" value="de"/>
    <property name="awt.toolkit" value="sun.lwawt.macosx.LWCToolkit"/>
    <property name="native.build.skip" value="true"/>
    <property name="java.vm.info" value="mixed mode"/>
    <property name="java.version" value="1.7.0_04"/>
    <property name="java.ext.dirs" value="/Users/kuehn/Library/Java/Extensions:/Library/Java/JavaVirtualMachines/1.7.0.jdk/Contents/Home/jre/lib/ext:/Library/Java/Extensions:/Network/Library/Java/Extensions:/System/Library/Java/Extensions:/usr/lib/java"/>
    <property name="sun.boot.class.path" value="/Library/Java/JavaVirtualMachines/1.7.0.jdk/Contents/Home/jre/lib/resources.jar:/Library/Java/JavaVirtualMachines/1.7.0.jdk/Contents/Home/jre/lib/rt.jar:/Library/Java/JavaVirtualMachines/1.7.0.jdk/Contents/Home/jre/lib/sunrsasign.jar:/Library/Java/JavaVirtualMachines/1.7.0.jdk/Contents/Home/jre/lib/jsse.jar:/Library/Java/JavaVirtualMachines/1.7.0.jdk/Contents/Home/jre/lib/jce.jar:/Library/Java/JavaVirtualMachines/1.7.0.jdk/Contents/Home/jre/lib/charsets.jar:/Library/Java/JavaVirtualMachines/1.7.0.jdk/Contents/Home/jre/lib/jfr.jar:/Library/Java/JavaVirtualMachines/1.7.0.jdk/Contents/Home/jre/lib/JObjC.jar:/Library/Java/JavaVirtualMachines/1.7.0.jdk/Contents/Home/jre/classes"/>
    <property name="java.vendor" value="Oracle Corporation"/>
    <property name="localRepository" value="/Users/kuehn/.m2/repository"/>
    <property name="file.separator" value="/"/>
    <property name="java.vendor.url.bug" value="http://bugreport.sun.com/bugreport/"/>
    <property name="sun.cpu.endian" value="little"/>
    <property name="sun.io.unicode.encoding" value="UnicodeBig"/>
    <property name="socksNonProxyHosts" value="local|*.local|169.254/16|*.169.254/16|192.168/16|*.192.168/16"/>
    <property name="ftp.nonProxyHosts" value="local|*.local|169.254/16|*.169.254/16|192.168/16|*.192.168/16"/>
    <property name="sun.cpu.isalist" value=""/>
  </properties>
  <testcase time="0.115" classname="com.intel.bluetooth.obex.HeaderTest" name="testHeaderByteArrayReadWrite"/>
  <testcase time="0" classname="com.intel.bluetooth.obex.HeaderTest" name="testHeaderIntReadWrite"/>
  <testcase time="0.003" classname="com.intel.bluetooth.obex.HeaderTest" name="testHeaderStringReadWrite"/>
  <testcase time="0.004" classname="com.intel.bluetooth.obex.HeaderTest" name="testHeaderCalendarReadWrite"/>
  <testcase time="0.004" classname="com.intel.bluetooth.obex.HeaderTest" name="testHeaderCalendarESTReadWrite"/>
  <testcase time="0.001" classname="com.intel.bluetooth.obex.HeaderTest" name="testHeaderCalendarESTDaylightReadWrite"/>
  <testcase time="0.001" classname="com.intel.bluetooth.obex.HeaderTest" name="testHeaderCalendarPSTReadWrite"/>
  <testcase time="0" classname="com.intel.bluetooth.obex.HeaderTest" name="testHeaderCalendarPSTDaylightReadWrite"/>
  <testcase time="0" classname="com.intel.bluetooth.obex.HeaderTest" name="testHeaderAllReadWrite"/>
  <testcase time="0.001" classname="com.intel.bluetooth.obex.HeaderTest" name="testHeaderWriteLength"/>
  <testcase time="0" classname="com.intel.bluetooth.obex.HeaderTest" name="testHeaderByteReadWrite"/>
</testsuite>